c:\kristen\dev\github\sockettestapp\ext\aws\gameliftserversdk_3_1_1\build\bin\aws-cpp-sdk-gamelift-server.lib
c:\kristen\dev\github\sockettestapp\ext\aws\gameliftserversdk_3_1_1\build\bin\aws-cpp-sdk-gamelift-server.exp
c:\kristen\dev\github\sockettestapp\ext\aws\gameliftserversdk_3_1_1\build\gamelift-server-sdk\aws-cpp-sdk-gamelift-server.dir\debug\vc120.pdb
c:\kristen\dev\github\sockettestapp\ext\aws\gameliftserversdk_3_1_1\build\gamelift-server-sdk\aws-cpp-sdk-gamelift-server.dir\debug\sdk.pb.obj
c:\kristen\dev\github\sockettestapp\ext\aws\gameliftserversdk_3_1_1\build\gamelift-server-sdk\aws-cpp-sdk-gamelift-server.dir\debug\network.obj
c:\kristen\dev\github\sockettestapp\ext\aws\gameliftserversdk_3_1_1\build\gamelift-server-sdk\aws-cpp-sdk-gamelift-server.dir\debug\gameliftserverstate.obj
c:\kristen\dev\github\sockettestapp\ext\aws\gameliftserversdk_3_1_1\build\gamelift-server-sdk\aws-cpp-sdk-gamelift-server.dir\debug\gameliftserverapi.obj
c:\kristen\dev\github\sockettestapp\ext\aws\gameliftserversdk_3_1_1\build\gamelift-server-sdk\aws-cpp-sdk-gamelift-server.dir\debug\auxproxymessagesender.obj
c:\kristen\dev\github\sockettestapp\ext\aws\gameliftserversdk_3_1_1\build\gamelift-server-sdk\aws-cpp-sdk-gamelift-server.dir\debug\gameliftcommonstate.obj
c:\kristen\dev\github\sockettestapp\ext\aws\gameliftserversdk_3_1_1\build\gamelift-server-sdk\aws-cpp-sdk-gamelift-server.dir\debug\gameliftserverapi_extern_c.obj
c:\kristen\dev\github\sockettestapp\ext\aws\gameliftserversdk_3_1_1\build\gamelift-server-sdk\cmakefiles\generate.stamp
c:\kristen\dev\github\sockettestapp\ext\aws\gameliftserversdk_3_1_1\build\bin\aws-cpp-sdk-gamelift-server.dll
c:\kristen\dev\github\sockettestapp\ext\aws\gameliftserversdk_3_1_1\build\gamelift-server-sdk\aws-cpp-sdk-gamelift-server.dir\debug\aws-cpp-.d885381b.tlog\aws-cpp-sdk-gamelift-server.write.1u.tlog
c:\kristen\dev\github\sockettestapp\ext\aws\gameliftserversdk_3_1_1\build\gamelift-server-sdk\aws-cpp-sdk-gamelift-server.dir\debug\aws-cpp-.d885381b.tlog\cl.command.1.tlog
c:\kristen\dev\github\sockettestapp\ext\aws\gameliftserversdk_3_1_1\build\gamelift-server-sdk\aws-cpp-sdk-gamelift-server.dir\debug\aws-cpp-.d885381b.tlog\cl.read.1.tlog
c:\kristen\dev\github\sockettestapp\ext\aws\gameliftserversdk_3_1_1\build\gamelift-server-sdk\aws-cpp-sdk-gamelift-server.dir\debug\aws-cpp-.d885381b.tlog\cl.write.1.tlog
c:\kristen\dev\github\sockettestapp\ext\aws\gameliftserversdk_3_1_1\build\gamelift-server-sdk\aws-cpp-sdk-gamelift-server.dir\debug\aws-cpp-.d885381b.tlog\custombuild.command.1.tlog
c:\kristen\dev\github\sockettestapp\ext\aws\gameliftserversdk_3_1_1\build\gamelift-server-sdk\aws-cpp-sdk-gamelift-server.dir\debug\aws-cpp-.d885381b.tlog\custombuild.read.1.tlog
c:\kristen\dev\github\sockettestapp\ext\aws\gameliftserversdk_3_1_1\build\gamelift-server-sdk\aws-cpp-sdk-gamelift-server.dir\debug\aws-cpp-.d885381b.tlog\custombuild.write.1.tlog
c:\kristen\dev\github\sockettestapp\ext\aws\gameliftserversdk_3_1_1\build\gamelift-server-sdk\aws-cpp-sdk-gamelift-server.dir\debug\aws-cpp-.d885381b.tlog\link.command.1.tlog
c:\kristen\dev\github\sockettestapp\ext\aws\gameliftserversdk_3_1_1\build\gamelift-server-sdk\aws-cpp-sdk-gamelift-server.dir\debug\aws-cpp-.d885381b.tlog\link.read.1.tlog
c:\kristen\dev\github\sockettestapp\ext\aws\gameliftserversdk_3_1_1\build\gamelift-server-sdk\aws-cpp-sdk-gamelift-server.dir\debug\aws-cpp-.d885381b.tlog\link.write.1.tlog
